<?xml version="1.0" encoding="UTF-8"?>
<!-- Generated by org.testng.reporters.JUnitReportReporter -->
<testsuite hostname="Lenovo" failures="0" tests="1" name="sauceDemoTests.VerifySorting" time="0.915" errors="0" timestamp="2025-06-15T22:37:35 IST" skipped="0">
  <testcase classname="sauceDemoTests.VerifySorting" name="verifySortingLowtoHigh" time="0.915"/>
</testsuite> <!-- sauceDemoTests.VerifySorting -->
