<?xml version="1.0" encoding="UTF-8"?>
<!-- Generated by org.testng.reporters.JUnitReportReporter -->
<testsuite hostname="Lenovo" failures="0" tests="9" name="sauceDemoTests.VerifyLogin" time="5.129" errors="0" timestamp="2025-06-11T17:25:59 IST" skipped="0">
  <testcase classname="sauceDemoTests.VerifyLogin" name="loginWithinvalidCredentials" time="0.903"/>
  <testcase classname="sauceDemoTests.VerifyLogin" name="loginWithinvalidCredentials" time="0.370"/>
  <testcase classname="sauceDemoTests.VerifyLogin" name="loginWithinvalidCredentials" time="0.384"/>
  <testcase classname="sauceDemoTests.VerifyLogin" name="loginWithinvalidCredentials" time="0.375"/>
  <testcase classname="sauceDemoTests.VerifyLogin" name="loginWithinvalidCredentials" time="0.770"/>
  <testcase classname="sauceDemoTests.VerifyLogin" name="loginWithinvalidCredentials" time="0.665"/>
  <testcase classname="sauceDemoTests.VerifyLogin" name="loginWithinvalidCredentials" time="0.811"/>
  <testcase classname="sauceDemoTests.VerifyLogin" name="loginWithinvalidCredentials" time="0.489"/>
  <testcase classname="sauceDemoTests.VerifyLogin" name="loginWithinvalidCredentials" time="0.362"/>
</testsuite> <!-- sauceDemoTests.VerifyLogin -->
