<?xml version="1.0" encoding="UTF-8"?>
<!-- Generated by org.testng.reporters.JUnitReportReporter -->
<testsuite hostname="Lenovo" failures="0" tests="1" name="sauceDemoTests.VerifyCartBadge" time="0.936" errors="0" timestamp="2025-06-18T21:19:55 IST" skipped="0">
  <testcase classname="sauceDemoTests.VerifyCartBadge" name="verifyCartBadgeCountWithTwoProductsSelected" time="0.936"/>
</testsuite> <!-- sauceDemoTests.VerifyCartBadge -->
